<?xml version="1.0" encoding="UTF-8"?>
<!-- Generated by org.testng.reporters.JUnitReportReporter -->
<testsuite skipped="0" hostname="DEVWKST037269" name="com.smartclaims.testCases.TC_LoginDDTest_002" tests="2" failures="0" timestamp="04 Apr 2022 12:30:41 GMT" time="15.890" errors="0">
  <testcase name="loginDDT" time="8.111" classname="com.smartclaims.testCases.TC_LoginDDTest_002"/>
  <testcase name="loginDDT" time="7.779" classname="com.smartclaims.testCases.TC_LoginDDTest_002"/>
</testsuite> <!-- com.smartclaims.testCases.TC_LoginDDTest_002 -->
