<?xml version="1.0" encoding="UTF-8"?>
<!-- Generated by org.testng.reporters.JUnitReportReporter -->
<testsuite skipped="0" hostname="DEVWKST037269" name="com.smartclaims.testCases.TC_LoginTest_001" tests="1" failures="0" timestamp="23 Feb 2022 07:03:49 GMT" time="3.358" errors="0">
  <testcase name="loginTest" time="3.358" classname="com.smartclaims.testCases.TC_LoginTest_001"/>
</testsuite> <!-- com.smartclaims.testCases.TC_LoginTest_001 -->
