<?xml version="1.0" encoding="UTF-8"?>
<!-- Generated by org.testng.reporters.JUnitReportReporter -->
<testsuite hostname="DEVWKST037282" failures="0" tests="1" name="com.smartclaims.testCases.TC_LiabilityDecisionOutstanding" time="66.742" errors="0" timestamp="2023-02-14T10:42:31 GMT" skipped="0">
  <testcase classname="com.smartclaims.testCases.TC_LiabilityDecisionOutstanding" name="liabilityDecisionOutstanding" time="66.742"/>
  <system-out/>
</testsuite> <!-- com.smartclaims.testCases.TC_LiabilityDecisionOutstanding -->
