<?xml version="1.0" encoding="UTF-8"?>
<!-- Generated by org.testng.reporters.JUnitReportReporter -->
<testsuite hostname="DEVWKST037282" failures="0" tests="1" name="com.smartclaims.testCases.TC_LiabilityAdmitted" time="194.769" errors="0" timestamp="2023-02-13T09:12:15 GMT" skipped="0">
  <testcase classname="com.smartclaims.testCases.TC_LiabilityAdmitted" name="addClaimFacts" time="194.769"/>
  <system-out/>
</testsuite> <!-- com.smartclaims.testCases.TC_LiabilityAdmitted -->
